The system is: Darwin - 20.6.0 - x86_64
Compiling the C compiler identification source file "CMakeCCompilerId.c" succeeded.
Compiler: /usr/local/opt/llvm/bin/clang 
Build flags: 
Id flags:  

The output was:
0


Compilation of the C compiler identification source "CMakeCCompilerId.c" produced "a.out"

The C compiler identification is Clang, found in "/Users/jtuck/git/ncstate_ece566_spring2022/projects/p0/cmake-build-debug-localllvm/CMakeFiles/3.21.1/CompilerIdC/a.out"

Compiling the CXX compiler identification source file "CMakeCXXCompilerId.cpp" succeeded.
Compiler: /usr/local/opt/llvm/bin/clang++ 
Build flags: 
Id flags:  

The output was:
0


Compilation of the CXX compiler identification source "CMakeCXXCompilerId.cpp" produced "a.out"

The CXX compiler identification is Clang, found in "/Users/jtuck/git/ncstate_ece566_spring2022/projects/p0/cmake-build-debug-localllvm/CMakeFiles/3.21.1/CompilerIdCXX/a.out"

Detecting C compiler ABI info compiled with the following output:
Change Dir: /Users/jtuck/git/ncstate_ece566_spring2022/projects/p0/cmake-build-debug-localllvm/CMakeFiles/CMakeTmp

Run Build Command(s):/usr/bin/make -f Makefile cmTC_4c99b/fast && /Library/Developer/CommandLineTools/usr/bin/make  -f CMakeFiles/cmTC_4c99b.dir/build.make CMakeFiles/cmTC_4c99b.dir/build
Building C object CMakeFiles/cmTC_4c99b.dir/CMakeCCompilerABI.c.o
/usr/local/opt/llvm/bin/clang   -isysroot /Library/Developer/CommandLineTools/SDKs/MacOSX12.1.sdk -mmacosx-version-min=11.5   -v -Wl,-v -MD -MT CMakeFiles/cmTC_4c99b.dir/CMakeCCompilerABI.c.o -MF CMakeFiles/cmTC_4c99b.dir/CMakeCCompilerABI.c.o.d -o CMakeFiles/cmTC_4c99b.dir/CMakeCCompilerABI.c.o -c /Applications/CLion.app/Contents/bin/cmake/mac/share/cmake-3.21/Modules/CMakeCCompilerABI.c
Homebrew clang version 13.0.0
Target: x86_64-apple-darwin20.6.0
Thread model: posix
InstalledDir: /usr/local/opt/llvm/bin
clang-13: warning: -Wl,-v: 'linker' input unused [-Wunused-command-line-argument]
 (in-process)
 "/usr/local/Cellar/llvm/13.0.0_2/bin/clang-13" -cc1 -triple x86_64-apple-macosx11.5.0 -Wundef-prefix=TARGET_OS_ -Werror=undef-prefix -Wdeprecated-objc-isa-usage -Werror=deprecated-objc-isa-usage -emit-obj -mrelax-all --mrelax-relocations -disable-free -disable-llvm-verifier -discard-value-names -main-file-name CMakeCCompilerABI.c -mrelocation-model pic -pic-level 2 -mframe-pointer=all -fno-rounding-math -munwind-tables -target-sdk-version=12.1 -fcompatibility-qualified-id-block-type-checking -fvisibility-inlines-hidden-static-local-var -target-cpu penryn -tune-cpu generic -debugger-tuning=lldb -target-linker-version 711 -v -fcoverage-compilation-dir=/Users/jtuck/git/ncstate_ece566_spring2022/projects/p0/cmake-build-debug-localllvm/CMakeFiles/CMakeTmp -resource-dir /usr/local/Cellar/llvm/13.0.0_2/lib/clang/13.0.0 -dependency-file CMakeFiles/cmTC_4c99b.dir/CMakeCCompilerABI.c.o.d -MT CMakeFiles/cmTC_4c99b.dir/CMakeCCompilerABI.c.o -sys-header-deps -isysroot /Library/Developer/CommandLineTools/SDKs/MacOSX12.1.sdk -internal-isystem /Library/Developer/CommandLineTools/SDKs/MacOSX12.1.sdk/usr/local/include -internal-isystem /usr/local/Cellar/llvm/13.0.0_2/lib/clang/13.0.0/include -internal-externc-isystem /Library/Developer/CommandLineTools/SDKs/MacOSX12.1.sdk/usr/include -fdebug-compilation-dir=/Users/jtuck/git/ncstate_ece566_spring2022/projects/p0/cmake-build-debug-localllvm/CMakeFiles/CMakeTmp -ferror-limit 19 -stack-protector 1 -fblocks -fencode-extended-block-signature -fregister-global-dtors-with-atexit -fgnuc-version=4.2.1 -fmax-type-align=16 -D__GCC_HAVE_DWARF2_CFI_ASM=1 -o CMakeFiles/cmTC_4c99b.dir/CMakeCCompilerABI.c.o -x c /Applications/CLion.app/Contents/bin/cmake/mac/share/cmake-3.21/Modules/CMakeCCompilerABI.c
clang -cc1 version 13.0.0 based upon LLVM 13.0.0 default target x86_64-apple-darwin20.6.0
ignoring nonexistent directory "/Library/Developer/CommandLineTools/SDKs/MacOSX12.1.sdk/usr/local/include"
ignoring nonexistent directory "/Library/Developer/CommandLineTools/SDKs/MacOSX12.1.sdk/Library/Frameworks"
#include "..." search starts here:
#include <...> search starts here:
 /usr/local/Cellar/llvm/13.0.0_2/lib/clang/13.0.0/include
 /Library/Developer/CommandLineTools/SDKs/MacOSX12.1.sdk/usr/include
 /Library/Developer/CommandLineTools/SDKs/MacOSX12.1.sdk/System/Library/Frameworks (framework directory)
End of search list.
Linking C executable cmTC_4c99b
/Applications/CLion.app/Contents/bin/cmake/mac/bin/cmake -E cmake_link_script CMakeFiles/cmTC_4c99b.dir/link.txt --verbose=1
/usr/local/opt/llvm/bin/clang  -isysroot /Library/Developer/CommandLineTools/SDKs/MacOSX12.1.sdk -mmacosx-version-min=11.5 -Wl,-search_paths_first -Wl,-headerpad_max_install_names  -v -Wl,-v CMakeFiles/cmTC_4c99b.dir/CMakeCCompilerABI.c.o -o cmTC_4c99b 
Homebrew clang version 13.0.0
Target: x86_64-apple-darwin20.6.0
Thread model: posix
InstalledDir: /usr/local/opt/llvm/bin
 "/usr/bin/ld" -demangle -lto_library /usr/local/Cellar/llvm/13.0.0_2/lib/libLTO.dylib -dynamic -arch x86_64 -platform_version macos 11.5.0 12.1 -syslibroot /Library/Developer/CommandLineTools/SDKs/MacOSX11.sdk -o cmTC_4c99b -search_paths_first -headerpad_max_install_names -v CMakeFiles/cmTC_4c99b.dir/CMakeCCompilerABI.c.o -lSystem /usr/local/Cellar/llvm/13.0.0_2/lib/clang/13.0.0/lib/darwin/libclang_rt.osx.a
@(#)PROGRAM:ld  PROJECT:ld64-650.9
BUILD 13:09:02 May 28 2021
configured to support archs: armv6 armv7 armv7s arm64 arm64e arm64_32 i386 x86_64 x86_64h armv6m armv7k armv7m armv7em
Library search paths:
	/Library/Developer/CommandLineTools/SDKs/MacOSX11.sdk/usr/lib
Framework search paths:
	/Library/Developer/CommandLineTools/SDKs/MacOSX11.sdk/System/Library/Frameworks/



Parsed C implicit include dir info from above output: rv=done
  found start of include info
  found start of implicit include info
    add: [/usr/local/Cellar/llvm/13.0.0_2/lib/clang/13.0.0/include]
    add: [/Library/Developer/CommandLineTools/SDKs/MacOSX12.1.sdk/usr/include]
  end of search list found
  collapse include dir [/usr/local/Cellar/llvm/13.0.0_2/lib/clang/13.0.0/include] ==> [/usr/local/Cellar/llvm/13.0.0_2/lib/clang/13.0.0/include]
  collapse include dir [/Library/Developer/CommandLineTools/SDKs/MacOSX12.1.sdk/usr/include] ==> [/Library/Developer/CommandLineTools/SDKs/MacOSX12.1.sdk/usr/include]
  implicit include dirs: [/usr/local/Cellar/llvm/13.0.0_2/lib/clang/13.0.0/include;/Library/Developer/CommandLineTools/SDKs/MacOSX12.1.sdk/usr/include]


Parsed C implicit link information from above output:
  link line regex: [^( *|.*[/\])(ld\.lld|CMAKE_LINK_STARTFILE-NOTFOUND|([^/\]+-)?ld|collect2)[^/\]*( |$)]
  ignore line: [Change Dir: /Users/jtuck/git/ncstate_ece566_spring2022/projects/p0/cmake-build-debug-localllvm/CMakeFiles/CMakeTmp]
  ignore line: []
  ignore line: [Run Build Command(s):/usr/bin/make -f Makefile cmTC_4c99b/fast && /Library/Developer/CommandLineTools/usr/bin/make  -f CMakeFiles/cmTC_4c99b.dir/build.make CMakeFiles/cmTC_4c99b.dir/build]
  ignore line: [Building C object CMakeFiles/cmTC_4c99b.dir/CMakeCCompilerABI.c.o]
  ignore line: [/usr/local/opt/llvm/bin/clang   -isysroot /Library/Developer/CommandLineTools/SDKs/MacOSX12.1.sdk -mmacosx-version-min=11.5   -v -Wl -v -MD -MT CMakeFiles/cmTC_4c99b.dir/CMakeCCompilerABI.c.o -MF CMakeFiles/cmTC_4c99b.dir/CMakeCCompilerABI.c.o.d -o CMakeFiles/cmTC_4c99b.dir/CMakeCCompilerABI.c.o -c /Applications/CLion.app/Contents/bin/cmake/mac/share/cmake-3.21/Modules/CMakeCCompilerABI.c]
  ignore line: [Homebrew clang version 13.0.0]
  ignore line: [Target: x86_64-apple-darwin20.6.0]
  ignore line: [Thread model: posix]
  ignore line: [InstalledDir: /usr/local/opt/llvm/bin]
  ignore line: [clang-13: warning: -Wl -v: 'linker' input unused [-Wunused-command-line-argument]]
  ignore line: [ (in-process)]
  ignore line: [ "/usr/local/Cellar/llvm/13.0.0_2/bin/clang-13" -cc1 -triple x86_64-apple-macosx11.5.0 -Wundef-prefix=TARGET_OS_ -Werror=undef-prefix -Wdeprecated-objc-isa-usage -Werror=deprecated-objc-isa-usage -emit-obj -mrelax-all --mrelax-relocations -disable-free -disable-llvm-verifier -discard-value-names -main-file-name CMakeCCompilerABI.c -mrelocation-model pic -pic-level 2 -mframe-pointer=all -fno-rounding-math -munwind-tables -target-sdk-version=12.1 -fcompatibility-qualified-id-block-type-checking -fvisibility-inlines-hidden-static-local-var -target-cpu penryn -tune-cpu generic -debugger-tuning=lldb -target-linker-version 711 -v -fcoverage-compilation-dir=/Users/jtuck/git/ncstate_ece566_spring2022/projects/p0/cmake-build-debug-localllvm/CMakeFiles/CMakeTmp -resource-dir /usr/local/Cellar/llvm/13.0.0_2/lib/clang/13.0.0 -dependency-file CMakeFiles/cmTC_4c99b.dir/CMakeCCompilerABI.c.o.d -MT CMakeFiles/cmTC_4c99b.dir/CMakeCCompilerABI.c.o -sys-header-deps -isysroot /Library/Developer/CommandLineTools/SDKs/MacOSX12.1.sdk -internal-isystem /Library/Developer/CommandLineTools/SDKs/MacOSX12.1.sdk/usr/local/include -internal-isystem /usr/local/Cellar/llvm/13.0.0_2/lib/clang/13.0.0/include -internal-externc-isystem /Library/Developer/CommandLineTools/SDKs/MacOSX12.1.sdk/usr/include -fdebug-compilation-dir=/Users/jtuck/git/ncstate_ece566_spring2022/projects/p0/cmake-build-debug-localllvm/CMakeFiles/CMakeTmp -ferror-limit 19 -stack-protector 1 -fblocks -fencode-extended-block-signature -fregister-global-dtors-with-atexit -fgnuc-version=4.2.1 -fmax-type-align=16 -D__GCC_HAVE_DWARF2_CFI_ASM=1 -o CMakeFiles/cmTC_4c99b.dir/CMakeCCompilerABI.c.o -x c /Applications/CLion.app/Contents/bin/cmake/mac/share/cmake-3.21/Modules/CMakeCCompilerABI.c]
  ignore line: [clang -cc1 version 13.0.0 based upon LLVM 13.0.0 default target x86_64-apple-darwin20.6.0]
  ignore line: [ignoring nonexistent directory "/Library/Developer/CommandLineTools/SDKs/MacOSX12.1.sdk/usr/local/include"]
  ignore line: [ignoring nonexistent directory "/Library/Developer/CommandLineTools/SDKs/MacOSX12.1.sdk/Library/Frameworks"]
  ignore line: [#include "..." search starts here:]
  ignore line: [#include <...> search starts here:]
  ignore line: [ /usr/local/Cellar/llvm/13.0.0_2/lib/clang/13.0.0/include]
  ignore line: [ /Library/Developer/CommandLineTools/SDKs/MacOSX12.1.sdk/usr/include]
  ignore line: [ /Library/Developer/CommandLineTools/SDKs/MacOSX12.1.sdk/System/Library/Frameworks (framework directory)]
  ignore line: [End of search list.]
  ignore line: [Linking C executable cmTC_4c99b]
  ignore line: [/Applications/CLion.app/Contents/bin/cmake/mac/bin/cmake -E cmake_link_script CMakeFiles/cmTC_4c99b.dir/link.txt --verbose=1]
  ignore line: [/usr/local/opt/llvm/bin/clang  -isysroot /Library/Developer/CommandLineTools/SDKs/MacOSX12.1.sdk -mmacosx-version-min=11.5 -Wl -search_paths_first -Wl -headerpad_max_install_names  -v -Wl -v CMakeFiles/cmTC_4c99b.dir/CMakeCCompilerABI.c.o -o cmTC_4c99b ]
  ignore line: [Homebrew clang version 13.0.0]
  ignore line: [Target: x86_64-apple-darwin20.6.0]
  ignore line: [Thread model: posix]
  ignore line: [InstalledDir: /usr/local/opt/llvm/bin]
  link line: [ "/usr/bin/ld" -demangle -lto_library /usr/local/Cellar/llvm/13.0.0_2/lib/libLTO.dylib -dynamic -arch x86_64 -platform_version macos 11.5.0 12.1 -syslibroot /Library/Developer/CommandLineTools/SDKs/MacOSX11.sdk -o cmTC_4c99b -search_paths_first -headerpad_max_install_names -v CMakeFiles/cmTC_4c99b.dir/CMakeCCompilerABI.c.o -lSystem /usr/local/Cellar/llvm/13.0.0_2/lib/clang/13.0.0/lib/darwin/libclang_rt.osx.a]
    arg [/usr/bin/ld] ==> ignore
    arg [-demangle] ==> ignore
    arg [-lto_library] ==> ignore, skip following value
    arg [/usr/local/Cellar/llvm/13.0.0_2/lib/libLTO.dylib] ==> skip value of -lto_library
    arg [-dynamic] ==> ignore
    arg [-arch] ==> ignore
    arg [x86_64] ==> ignore
    arg [-platform_version] ==> ignore
    arg [macos] ==> ignore
    arg [11.5.0] ==> ignore
    arg [12.1] ==> ignore
    arg [-syslibroot] ==> ignore
    arg [/Library/Developer/CommandLineTools/SDKs/MacOSX11.sdk] ==> ignore
    arg [-o] ==> ignore
    arg [cmTC_4c99b] ==> ignore
    arg [-search_paths_first] ==> ignore
    arg [-headerpad_max_install_names] ==> ignore
    arg [-v] ==> ignore
    arg [CMakeFiles/cmTC_4c99b.dir/CMakeCCompilerABI.c.o] ==> ignore
    arg [-lSystem] ==> lib [System]
    arg [/usr/local/Cellar/llvm/13.0.0_2/lib/clang/13.0.0/lib/darwin/libclang_rt.osx.a] ==> lib [/usr/local/Cellar/llvm/13.0.0_2/lib/clang/13.0.0/lib/darwin/libclang_rt.osx.a]
  Library search paths: [;/Library/Developer/CommandLineTools/SDKs/MacOSX11.sdk/usr/lib]
  Framework search paths: [;/Library/Developer/CommandLineTools/SDKs/MacOSX11.sdk/System/Library/Frameworks/]
  remove lib [System]
  remove lib [/usr/local/Cellar/llvm/13.0.0_2/lib/clang/13.0.0/lib/darwin/libclang_rt.osx.a]
  collapse library dir [/Library/Developer/CommandLineTools/SDKs/MacOSX11.sdk/usr/lib] ==> [/Library/Developer/CommandLineTools/SDKs/MacOSX11.sdk/usr/lib]
  collapse framework dir [/Library/Developer/CommandLineTools/SDKs/MacOSX11.sdk/System/Library/Frameworks/] ==> [/Library/Developer/CommandLineTools/SDKs/MacOSX11.sdk/System/Library/Frameworks]
  implicit libs: []
  implicit objs: []
  implicit dirs: [/Library/Developer/CommandLineTools/SDKs/MacOSX11.sdk/usr/lib]
  implicit fwks: [/Library/Developer/CommandLineTools/SDKs/MacOSX11.sdk/System/Library/Frameworks]


Detecting CXX compiler ABI info compiled with the following output:
Change Dir: /Users/jtuck/git/ncstate_ece566_spring2022/projects/p0/cmake-build-debug-localllvm/CMakeFiles/CMakeTmp

Run Build Command(s):/usr/bin/make -f Makefile cmTC_b8f31/fast && /Library/Developer/CommandLineTools/usr/bin/make  -f CMakeFiles/cmTC_b8f31.dir/build.make CMakeFiles/cmTC_b8f31.dir/build
Building CXX object CMakeFiles/cmTC_b8f31.dir/CMakeCXXCompilerABI.cpp.o
/usr/local/opt/llvm/bin/clang++   -isysroot /Library/Developer/CommandLineTools/SDKs/MacOSX12.1.sdk -mmacosx-version-min=11.5   -v -Wl,-v -MD -MT CMakeFiles/cmTC_b8f31.dir/CMakeCXXCompilerABI.cpp.o -MF CMakeFiles/cmTC_b8f31.dir/CMakeCXXCompilerABI.cpp.o.d -o CMakeFiles/cmTC_b8f31.dir/CMakeCXXCompilerABI.cpp.o -c /Applications/CLion.app/Contents/bin/cmake/mac/share/cmake-3.21/Modules/CMakeCXXCompilerABI.cpp
Homebrew clang version 13.0.0
Target: x86_64-apple-darwin20.6.0
Thread model: posix
InstalledDir: /usr/local/opt/llvm/bin
clang-13: warning: -Wl,-v: 'linker' input unused [-Wunused-command-line-argument]
 (in-process)
 "/usr/local/Cellar/llvm/13.0.0_2/bin/clang-13" -cc1 -triple x86_64-apple-macosx11.5.0 -Wundef-prefix=TARGET_OS_ -Werror=undef-prefix -Wdeprecated-objc-isa-usage -Werror=deprecated-objc-isa-usage -emit-obj -mrelax-all --mrelax-relocations -disable-free -disable-llvm-verifier -discard-value-names -main-file-name CMakeCXXCompilerABI.cpp -mrelocation-model pic -pic-level 2 -mframe-pointer=all -fno-rounding-math -munwind-tables -target-sdk-version=12.1 -fcompatibility-qualified-id-block-type-checking -fvisibility-inlines-hidden-static-local-var -target-cpu penryn -tune-cpu generic -debugger-tuning=lldb -target-linker-version 711 -v -fcoverage-compilation-dir=/Users/jtuck/git/ncstate_ece566_spring2022/projects/p0/cmake-build-debug-localllvm/CMakeFiles/CMakeTmp -resource-dir /usr/local/Cellar/llvm/13.0.0_2/lib/clang/13.0.0 -dependency-file CMakeFiles/cmTC_b8f31.dir/CMakeCXXCompilerABI.cpp.o.d -MT CMakeFiles/cmTC_b8f31.dir/CMakeCXXCompilerABI.cpp.o -sys-header-deps -isysroot /Library/Developer/CommandLineTools/SDKs/MacOSX12.1.sdk -stdlib=libc++ -internal-isystem /usr/local/opt/llvm/bin/../include/c++/v1 -internal-isystem /Library/Developer/CommandLineTools/SDKs/MacOSX12.1.sdk/usr/local/include -internal-isystem /usr/local/Cellar/llvm/13.0.0_2/lib/clang/13.0.0/include -internal-externc-isystem /Library/Developer/CommandLineTools/SDKs/MacOSX12.1.sdk/usr/include -fdeprecated-macro -fdebug-compilation-dir=/Users/jtuck/git/ncstate_ece566_spring2022/projects/p0/cmake-build-debug-localllvm/CMakeFiles/CMakeTmp -ferror-limit 19 -stack-protector 1 -fblocks -fencode-extended-block-signature -fregister-global-dtors-with-atexit -fgnuc-version=4.2.1 -fcxx-exceptions -fexceptions -fmax-type-align=16 -D__GCC_HAVE_DWARF2_CFI_ASM=1 -o CMakeFiles/cmTC_b8f31.dir/CMakeCXXCompilerABI.cpp.o -x c++ /Applications/CLion.app/Contents/bin/cmake/mac/share/cmake-3.21/Modules/CMakeCXXCompilerABI.cpp
clang -cc1 version 13.0.0 based upon LLVM 13.0.0 default target x86_64-apple-darwin20.6.0
ignoring nonexistent directory "/Library/Developer/CommandLineTools/SDKs/MacOSX12.1.sdk/usr/local/include"
ignoring nonexistent directory "/Library/Developer/CommandLineTools/SDKs/MacOSX12.1.sdk/Library/Frameworks"
#include "..." search starts here:
#include <...> search starts here:
 /usr/local/opt/llvm/bin/../include/c++/v1
 /usr/local/Cellar/llvm/13.0.0_2/lib/clang/13.0.0/include
 /Library/Developer/CommandLineTools/SDKs/MacOSX12.1.sdk/usr/include
 /Library/Developer/CommandLineTools/SDKs/MacOSX12.1.sdk/System/Library/Frameworks (framework directory)
End of search list.
Linking CXX executable cmTC_b8f31
/Applications/CLion.app/Contents/bin/cmake/mac/bin/cmake -E cmake_link_script CMakeFiles/cmTC_b8f31.dir/link.txt --verbose=1
/usr/local/opt/llvm/bin/clang++  -isysroot /Library/Developer/CommandLineTools/SDKs/MacOSX12.1.sdk -mmacosx-version-min=11.5 -Wl,-search_paths_first -Wl,-headerpad_max_install_names  -v -Wl,-v CMakeFiles/cmTC_b8f31.dir/CMakeCXXCompilerABI.cpp.o -o cmTC_b8f31 
Homebrew clang version 13.0.0
Target: x86_64-apple-darwin20.6.0
Thread model: posix
InstalledDir: /usr/local/opt/llvm/bin
 "/usr/bin/ld" -demangle -lto_library /usr/local/Cellar/llvm/13.0.0_2/lib/libLTO.dylib -dynamic -arch x86_64 -platform_version macos 11.5.0 12.1 -syslibroot /Library/Developer/CommandLineTools/SDKs/MacOSX11.sdk -o cmTC_b8f31 -search_paths_first -headerpad_max_install_names -v CMakeFiles/cmTC_b8f31.dir/CMakeCXXCompilerABI.cpp.o -lc++ -lSystem /usr/local/Cellar/llvm/13.0.0_2/lib/clang/13.0.0/lib/darwin/libclang_rt.osx.a
@(#)PROGRAM:ld  PROJECT:ld64-650.9
BUILD 13:09:02 May 28 2021
configured to support archs: armv6 armv7 armv7s arm64 arm64e arm64_32 i386 x86_64 x86_64h armv6m armv7k armv7m armv7em
Library search paths:
	/Library/Developer/CommandLineTools/SDKs/MacOSX11.sdk/usr/lib
Framework search paths:
	/Library/Developer/CommandLineTools/SDKs/MacOSX11.sdk/System/Library/Frameworks/



Parsed CXX implicit include dir info from above output: rv=done
  found start of include info
  found start of implicit include info
    add: [/usr/local/opt/llvm/bin/../include/c++/v1]
    add: [/usr/local/Cellar/llvm/13.0.0_2/lib/clang/13.0.0/include]
    add: [/Library/Developer/CommandLineTools/SDKs/MacOSX12.1.sdk/usr/include]
  end of search list found
  collapse include dir [/usr/local/opt/llvm/bin/../include/c++/v1] ==> [/usr/local/opt/llvm/include/c++/v1]
  collapse include dir [/usr/local/Cellar/llvm/13.0.0_2/lib/clang/13.0.0/include] ==> [/usr/local/Cellar/llvm/13.0.0_2/lib/clang/13.0.0/include]
  collapse include dir [/Library/Developer/CommandLineTools/SDKs/MacOSX12.1.sdk/usr/include] ==> [/Library/Developer/CommandLineTools/SDKs/MacOSX12.1.sdk/usr/include]
  implicit include dirs: [/usr/local/opt/llvm/include/c++/v1;/usr/local/Cellar/llvm/13.0.0_2/lib/clang/13.0.0/include;/Library/Developer/CommandLineTools/SDKs/MacOSX12.1.sdk/usr/include]


Parsed CXX implicit link information from above output:
  link line regex: [^( *|.*[/\])(ld\.lld|CMAKE_LINK_STARTFILE-NOTFOUND|([^/\]+-)?ld|collect2)[^/\]*( |$)]
  ignore line: [Change Dir: /Users/jtuck/git/ncstate_ece566_spring2022/projects/p0/cmake-build-debug-localllvm/CMakeFiles/CMakeTmp]
  ignore line: []
  ignore line: [Run Build Command(s):/usr/bin/make -f Makefile cmTC_b8f31/fast && /Library/Developer/CommandLineTools/usr/bin/make  -f CMakeFiles/cmTC_b8f31.dir/build.make CMakeFiles/cmTC_b8f31.dir/build]
  ignore line: [Building CXX object CMakeFiles/cmTC_b8f31.dir/CMakeCXXCompilerABI.cpp.o]
  ignore line: [/usr/local/opt/llvm/bin/clang++   -isysroot /Library/Developer/CommandLineTools/SDKs/MacOSX12.1.sdk -mmacosx-version-min=11.5   -v -Wl -v -MD -MT CMakeFiles/cmTC_b8f31.dir/CMakeCXXCompilerABI.cpp.o -MF CMakeFiles/cmTC_b8f31.dir/CMakeCXXCompilerABI.cpp.o.d -o CMakeFiles/cmTC_b8f31.dir/CMakeCXXCompilerABI.cpp.o -c /Applications/CLion.app/Contents/bin/cmake/mac/share/cmake-3.21/Modules/CMakeCXXCompilerABI.cpp]
  ignore line: [Homebrew clang version 13.0.0]
  ignore line: [Target: x86_64-apple-darwin20.6.0]
  ignore line: [Thread model: posix]
  ignore line: [InstalledDir: /usr/local/opt/llvm/bin]
  ignore line: [clang-13: warning: -Wl -v: 'linker' input unused [-Wunused-command-line-argument]]
  ignore line: [ (in-process)]
  ignore line: [ "/usr/local/Cellar/llvm/13.0.0_2/bin/clang-13" -cc1 -triple x86_64-apple-macosx11.5.0 -Wundef-prefix=TARGET_OS_ -Werror=undef-prefix -Wdeprecated-objc-isa-usage -Werror=deprecated-objc-isa-usage -emit-obj -mrelax-all --mrelax-relocations -disable-free -disable-llvm-verifier -discard-value-names -main-file-name CMakeCXXCompilerABI.cpp -mrelocation-model pic -pic-level 2 -mframe-pointer=all -fno-rounding-math -munwind-tables -target-sdk-version=12.1 -fcompatibility-qualified-id-block-type-checking -fvisibility-inlines-hidden-static-local-var -target-cpu penryn -tune-cpu generic -debugger-tuning=lldb -target-linker-version 711 -v -fcoverage-compilation-dir=/Users/jtuck/git/ncstate_ece566_spring2022/projects/p0/cmake-build-debug-localllvm/CMakeFiles/CMakeTmp -resource-dir /usr/local/Cellar/llvm/13.0.0_2/lib/clang/13.0.0 -dependency-file CMakeFiles/cmTC_b8f31.dir/CMakeCXXCompilerABI.cpp.o.d -MT CMakeFiles/cmTC_b8f31.dir/CMakeCXXCompilerABI.cpp.o -sys-header-deps -isysroot /Library/Developer/CommandLineTools/SDKs/MacOSX12.1.sdk -stdlib=libc++ -internal-isystem /usr/local/opt/llvm/bin/../include/c++/v1 -internal-isystem /Library/Developer/CommandLineTools/SDKs/MacOSX12.1.sdk/usr/local/include -internal-isystem /usr/local/Cellar/llvm/13.0.0_2/lib/clang/13.0.0/include -internal-externc-isystem /Library/Developer/CommandLineTools/SDKs/MacOSX12.1.sdk/usr/include -fdeprecated-macro -fdebug-compilation-dir=/Users/jtuck/git/ncstate_ece566_spring2022/projects/p0/cmake-build-debug-localllvm/CMakeFiles/CMakeTmp -ferror-limit 19 -stack-protector 1 -fblocks -fencode-extended-block-signature -fregister-global-dtors-with-atexit -fgnuc-version=4.2.1 -fcxx-exceptions -fexceptions -fmax-type-align=16 -D__GCC_HAVE_DWARF2_CFI_ASM=1 -o CMakeFiles/cmTC_b8f31.dir/CMakeCXXCompilerABI.cpp.o -x c++ /Applications/CLion.app/Contents/bin/cmake/mac/share/cmake-3.21/Modules/CMakeCXXCompilerABI.cpp]
  ignore line: [clang -cc1 version 13.0.0 based upon LLVM 13.0.0 default target x86_64-apple-darwin20.6.0]
  ignore line: [ignoring nonexistent directory "/Library/Developer/CommandLineTools/SDKs/MacOSX12.1.sdk/usr/local/include"]
  ignore line: [ignoring nonexistent directory "/Library/Developer/CommandLineTools/SDKs/MacOSX12.1.sdk/Library/Frameworks"]
  ignore line: [#include "..." search starts here:]
  ignore line: [#include <...> search starts here:]
  ignore line: [ /usr/local/opt/llvm/bin/../include/c++/v1]
  ignore line: [ /usr/local/Cellar/llvm/13.0.0_2/lib/clang/13.0.0/include]
  ignore line: [ /Library/Developer/CommandLineTools/SDKs/MacOSX12.1.sdk/usr/include]
  ignore line: [ /Library/Developer/CommandLineTools/SDKs/MacOSX12.1.sdk/System/Library/Frameworks (framework directory)]
  ignore line: [End of search list.]
  ignore line: [Linking CXX executable cmTC_b8f31]
  ignore line: [/Applications/CLion.app/Contents/bin/cmake/mac/bin/cmake -E cmake_link_script CMakeFiles/cmTC_b8f31.dir/link.txt --verbose=1]
  ignore line: [/usr/local/opt/llvm/bin/clang++  -isysroot /Library/Developer/CommandLineTools/SDKs/MacOSX12.1.sdk -mmacosx-version-min=11.5 -Wl -search_paths_first -Wl -headerpad_max_install_names  -v -Wl -v CMakeFiles/cmTC_b8f31.dir/CMakeCXXCompilerABI.cpp.o -o cmTC_b8f31 ]
  ignore line: [Homebrew clang version 13.0.0]
  ignore line: [Target: x86_64-apple-darwin20.6.0]
  ignore line: [Thread model: posix]
  ignore line: [InstalledDir: /usr/local/opt/llvm/bin]
  link line: [ "/usr/bin/ld" -demangle -lto_library /usr/local/Cellar/llvm/13.0.0_2/lib/libLTO.dylib -dynamic -arch x86_64 -platform_version macos 11.5.0 12.1 -syslibroot /Library/Developer/CommandLineTools/SDKs/MacOSX11.sdk -o cmTC_b8f31 -search_paths_first -headerpad_max_install_names -v CMakeFiles/cmTC_b8f31.dir/CMakeCXXCompilerABI.cpp.o -lc++ -lSystem /usr/local/Cellar/llvm/13.0.0_2/lib/clang/13.0.0/lib/darwin/libclang_rt.osx.a]
    arg [/usr/bin/ld] ==> ignore
    arg [-demangle] ==> ignore
    arg [-lto_library] ==> ignore, skip following value
    arg [/usr/local/Cellar/llvm/13.0.0_2/lib/libLTO.dylib] ==> skip value of -lto_library
    arg [-dynamic] ==> ignore
    arg [-arch] ==> ignore
    arg [x86_64] ==> ignore
    arg [-platform_version] ==> ignore
    arg [macos] ==> ignore
    arg [11.5.0] ==> ignore
    arg [12.1] ==> ignore
    arg [-syslibroot] ==> ignore
    arg [/Library/Developer/CommandLineTools/SDKs/MacOSX11.sdk] ==> ignore
    arg [-o] ==> ignore
    arg [cmTC_b8f31] ==> ignore
    arg [-search_paths_first] ==> ignore
    arg [-headerpad_max_install_names] ==> ignore
    arg [-v] ==> ignore
    arg [CMakeFiles/cmTC_b8f31.dir/CMakeCXXCompilerABI.cpp.o] ==> ignore
    arg [-lc++] ==> lib [c++]
    arg [-lSystem] ==> lib [System]
    arg [/usr/local/Cellar/llvm/13.0.0_2/lib/clang/13.0.0/lib/darwin/libclang_rt.osx.a] ==> lib [/usr/local/Cellar/llvm/13.0.0_2/lib/clang/13.0.0/lib/darwin/libclang_rt.osx.a]
  Library search paths: [;/Library/Developer/CommandLineTools/SDKs/MacOSX11.sdk/usr/lib]
  Framework search paths: [;/Library/Developer/CommandLineTools/SDKs/MacOSX11.sdk/System/Library/Frameworks/]
  remove lib [System]
  remove lib [/usr/local/Cellar/llvm/13.0.0_2/lib/clang/13.0.0/lib/darwin/libclang_rt.osx.a]
  collapse library dir [/Library/Developer/CommandLineTools/SDKs/MacOSX11.sdk/usr/lib] ==> [/Library/Developer/CommandLineTools/SDKs/MacOSX11.sdk/usr/lib]
  collapse framework dir [/Library/Developer/CommandLineTools/SDKs/MacOSX11.sdk/System/Library/Frameworks/] ==> [/Library/Developer/CommandLineTools/SDKs/MacOSX11.sdk/System/Library/Frameworks]
  implicit libs: [c++]
  implicit objs: []
  implicit dirs: [/Library/Developer/CommandLineTools/SDKs/MacOSX11.sdk/usr/lib]
  implicit fwks: [/Library/Developer/CommandLineTools/SDKs/MacOSX11.sdk/System/Library/Frameworks]


